Listening on port 3000
URL = http://ec2-54-227-17-33.compute-1.amazonaws.com/#!about
File already pre-rendered - sending it now
File contents: 
<!DOCTYPE html><html lang="en"><head>
	<meta charset="utf-8">
	<meta name="fragment" content="!">
	<title>Google SEO AJAX Crawler Test Site</title>
	<link href="vendor/bootstrap/css/bootstrap-2.3.1.css" rel="stylesheet" media="screen">
</head>
<body style="" class="render-complete">

	<div class="container">
		<nav class="navbar">
			<div class="navbar-inner">
				<a class="brand" href="#">AJAX Crawler Test</a>
				<ul class="nav">
					<li class=""><a href="#!home">Home</a></li>
					<li class="active"><a href="#!about">About</a></li>
					<li><a href="#!setup">Tech Stack</a></li>
					<li><a href="#!references">References</a></li>
				</ul>
			</div>
		</nav>

		<div class="row">
			<section id="content" class="span12"><article>
	<header>
		<h1>What is this site all about?</h1>
	</header>

	<p>This a dummy "single page application" site setup to test Google's AJAX Crawler. It uses a Node server to serve up "HTML Snapshots" of pages when the crawler crawls through by rendering the the site page using PhantomJS. Otherwise, when browsing the site, you are browsing a regular AJAX site powere by BackboneJS.</p>

	<p>Reference: <a href="https://developers.google.com/webmasters/ajax-crawling/" target="_blank">Making AJAX Applications Crawlable</a></p>
</article></section>
		</div>
	</div>

	

</body></html>

Listening on port 3000
URL = http://ec2-54-227-17-33.compute-1.amazonaws.com/index.html#!setup
File already pre-rendered - sending it now
File contents: 
<!DOCTYPE html><html lang="en"><head>
	<meta charset="utf-8">
	<meta name="fragment" content="!">
	<title>Google SEO AJAX Crawler Test Site</title>
	<link href="vendor/bootstrap/css/bootstrap-2.3.1.css" rel="stylesheet" media="screen">
</head>
<body style="" class="render-complete">

	<div class="container">
		<nav class="navbar">
			<div class="navbar-inner">
				<a class="brand" href="#">AJAX Crawler Test</a>
				<ul class="nav">
					<li class=""><a href="#!home">Home</a></li>
					<li><a href="#!about">About</a></li>
					<li class="active"><a href="#!setup">Tech Stack</a></li>
					<li><a href="#!references">References</a></li>
				</ul>
			</div>
		</nav>

		<div class="row">
			<section id="content" class="span12"><article>
	<header>
		<h1>What was used to make this site "crawlable"?</h1>
	</header>

	<dl>
		<dt><a href="http://backbonejs.org/" target="_blank">BackboneJS:</a></dt>
		<dd>
			For routing between the pages and rendering the content on the front end.</dd>
		<dt>
			<a href="http://phantomjs.org/" target="_blank">PhantomJS:</a>
		</dt>
		<dd>
			A "headless web browser" that can be run programmatically to fetch HTML pages, and run any JavaScript required to render it fully.
		</dd>
		<dt>
			<a href="http://nodejs.org/" target="_blank">NodeJS:</a>
		</dt>
		<dd>
			Platform able to run JavaScript on the server side, which is used here to handle any "escaped fragment" requests made by the crawler to run use PhantomJS to fully render and return the HTML pages.
		</dd>
		<dt>
			<a href="http://www.apache.org/" target="_blank">Apache Web server:</a>
		</dt>
		<dd>
			Mainly to serve up the single HTML page and JavaScript required. Additionally, used to proxy "escaped fragment" requests to the Node server running on the same machine.
		</dd>
	</dl>
</article></section>
		</div>
	</div>

	

</body></html>

URL = http://ec2-54-227-17-33.compute-1.amazonaws.com/index.html#!references
File already pre-rendered - sending it now
File contents: 
<!DOCTYPE html><html lang="en"><head>
	<meta charset="utf-8">
	<meta name="fragment" content="!">
	<title>Google SEO AJAX Crawler Test Site</title>
	<link href="vendor/bootstrap/css/bootstrap-2.3.1.css" rel="stylesheet" media="screen">
</head>
<body style="" class="render-complete">

	<div class="container">
		<nav class="navbar">
			<div class="navbar-inner">
				<a class="brand" href="#">AJAX Crawler Test</a>
				<ul class="nav">
					<li class=""><a href="#!home">Home</a></li>
					<li><a href="#!about">About</a></li>
					<li><a href="#!setup">Tech Stack</a></li>
					<li class="active"><a href="#!references">References</a></li>
				</ul>
			</div>
		</nav>

		<div class="row">
			<section id="content" class="span12"><article>
	<header>
		<h1>From where did I figure out how to do this?</h1>
	</header>
	
	<p>From the three following great references:
		</p><ol>
			<li>
				<a href="http://googlewebmastercentral.blogspot.com.au/2009/10/proposal-for-making-ajax-crawlable.html" target="_blank">Original Proposal by Google</a>
			</li>
			<li>
				<a href="http://backbonetutorials.com/seo-for-single-page-apps/" target="_blank">Details of setting up PhantomJS and the Apache redirect</a>
			</li>
			<li>
				<a href="https://developers.google.com/webmasters/ajax-crawling/" target="_blank">Google's official guidelines for Webmasters</a>
			</li>
			<li>
				<a href="http://ajax.rswebanalytics.com/" target="_blank">SEO Friendly AJAX Example Site (much better documented than this)</a>
			</li>
		</ol>
	<p></p>
</article></section>
		</div>
	</div>

	

</body></html>

URL = http://ec2-54-227-17-33.compute-1.amazonaws.com/index.html#!setup
File already pre-rendered - sending it now
File contents: 
<!DOCTYPE html><html lang="en"><head>
	<meta charset="utf-8">
	<meta name="fragment" content="!">
	<title>Google SEO AJAX Crawler Test Site</title>
	<link href="vendor/bootstrap/css/bootstrap-2.3.1.css" rel="stylesheet" media="screen">
</head>
<body style="" class="render-complete">

	<div class="container">
		<nav class="navbar">
			<div class="navbar-inner">
				<a class="brand" href="#">AJAX Crawler Test</a>
				<ul class="nav">
					<li class=""><a href="#!home">Home</a></li>
					<li><a href="#!about">About</a></li>
					<li class="active"><a href="#!setup">Tech Stack</a></li>
					<li><a href="#!references">References</a></li>
				</ul>
			</div>
		</nav>

		<div class="row">
			<section id="content" class="span12"><article>
	<header>
		<h1>What was used to make this site "crawlable"?</h1>
	</header>

	<dl>
		<dt><a href="http://backbonejs.org/" target="_blank">BackboneJS:</a></dt>
		<dd>
			For routing between the pages and rendering the content on the front end.</dd>
		<dt>
			<a href="http://phantomjs.org/" target="_blank">PhantomJS:</a>
		</dt>
		<dd>
			A "headless web browser" that can be run programmatically to fetch HTML pages, and run any JavaScript required to render it fully.
		</dd>
		<dt>
			<a href="http://nodejs.org/" target="_blank">NodeJS:</a>
		</dt>
		<dd>
			Platform able to run JavaScript on the server side, which is used here to handle any "escaped fragment" requests made by the crawler to run use PhantomJS to fully render and return the HTML pages.
		</dd>
		<dt>
			<a href="http://www.apache.org/" target="_blank">Apache Web server:</a>
		</dt>
		<dd>
			Mainly to serve up the single HTML page and JavaScript required. Additionally, used to proxy "escaped fragment" requests to the Node server running on the same machine.
		</dd>
	</dl>
</article></section>
		</div>
	</div>

	

</body></html>

URL = http://ec2-54-227-17-33.compute-1.amazonaws.com/index.html#!setup
File already pre-rendered - sending it now
File contents: 
<!DOCTYPE html><html lang="en"><head>
	<meta charset="utf-8">
	<meta name="fragment" content="!">
	<title>Google SEO AJAX Crawler Test Site</title>
	<link href="vendor/bootstrap/css/bootstrap-2.3.1.css" rel="stylesheet" media="screen">
</head>
<body style="" class="render-complete">

	<div class="container">
		<nav class="navbar">
			<div class="navbar-inner">
				<a class="brand" href="#">AJAX Crawler Test</a>
				<ul class="nav">
					<li class=""><a href="#!home">Home</a></li>
					<li><a href="#!about">About</a></li>
					<li class="active"><a href="#!setup">Tech Stack</a></li>
					<li><a href="#!references">References</a></li>
				</ul>
			</div>
		</nav>

		<div class="row">
			<section id="content" class="span12"><article>
	<header>
		<h1>What was used to make this site "crawlable"?</h1>
	</header>

	<dl>
		<dt><a href="http://backbonejs.org/" target="_blank">BackboneJS:</a></dt>
		<dd>
			For routing between the pages and rendering the content on the front end.</dd>
		<dt>
			<a href="http://phantomjs.org/" target="_blank">PhantomJS:</a>
		</dt>
		<dd>
			A "headless web browser" that can be run programmatically to fetch HTML pages, and run any JavaScript required to render it fully.
		</dd>
		<dt>
			<a href="http://nodejs.org/" target="_blank">NodeJS:</a>
		</dt>
		<dd>
			Platform able to run JavaScript on the server side, which is used here to handle any "escaped fragment" requests made by the crawler to run use PhantomJS to fully render and return the HTML pages.
		</dd>
		<dt>
			<a href="http://www.apache.org/" target="_blank">Apache Web server:</a>
		</dt>
		<dd>
			Mainly to serve up the single HTML page and JavaScript required. Additionally, used to proxy "escaped fragment" requests to the Node server running on the same machine.
		</dd>
	</dl>
</article></section>
		</div>
	</div>

	

</body></html>

URL = http://ec2-54-227-17-33.compute-1.amazonaws.com/index.html#!about
File already pre-rendered - sending it now
File contents: 
<!DOCTYPE html><html lang="en"><head>
	<meta charset="utf-8">
	<meta name="fragment" content="!">
	<title>Google SEO AJAX Crawler Test Site</title>
	<link href="vendor/bootstrap/css/bootstrap-2.3.1.css" rel="stylesheet" media="screen">
</head>
<body style="" class="render-complete">

	<div class="container">
		<nav class="navbar">
			<div class="navbar-inner">
				<a class="brand" href="#">AJAX Crawler Test</a>
				<ul class="nav">
					<li class=""><a href="#!home">Home</a></li>
					<li class="active"><a href="#!about">About</a></li>
					<li><a href="#!setup">Tech Stack</a></li>
					<li><a href="#!references">References</a></li>
				</ul>
			</div>
		</nav>

		<div class="row">
			<section id="content" class="span12"><article>
	<header>
		<h1>What is this site all about?</h1>
	</header>

	<p>This a dummy "single page application" site setup to test Google's AJAX Crawler. It uses a Node server to serve up "HTML Snapshots" of pages when the crawler crawls through by rendering the the site page using PhantomJS. Otherwise, when browsing the site, you are browsing a regular AJAX site powere by BackboneJS.</p>

	<p>Reference: <a href="https://developers.google.com/webmasters/ajax-crawling/" target="_blank">Making AJAX Applications Crawlable</a></p>
</article></section>
		</div>
	</div>

	

</body></html>

URL = http://ec2-54-227-17-33.compute-1.amazonaws.com/#!references
File already pre-rendered - sending it now
File contents: 
<!DOCTYPE html><html lang="en"><head>
	<meta charset="utf-8">
	<meta name="fragment" content="!">
	<title>Google SEO AJAX Crawler Test Site</title>
	<link href="vendor/bootstrap/css/bootstrap-2.3.1.css" rel="stylesheet" media="screen">
</head>
<body style="" class="render-complete">

	<div class="container">
		<nav class="navbar">
			<div class="navbar-inner">
				<a class="brand" href="#">AJAX Crawler Test</a>
				<ul class="nav">
					<li class=""><a href="#!home">Home</a></li>
					<li><a href="#!about">About</a></li>
					<li><a href="#!setup">Tech Stack</a></li>
					<li class="active"><a href="#!references">References</a></li>
				</ul>
			</div>
		</nav>

		<div class="row">
			<section id="content" class="span12"><article>
	<header>
		<h1>From where did I figure out how to do this?</h1>
	</header>
	
	<p>From the three following great references:
		</p><ol>
			<li>
				<a href="http://googlewebmastercentral.blogspot.com.au/2009/10/proposal-for-making-ajax-crawlable.html" target="_blank">Original Proposal by Google</a>
			</li>
			<li>
				<a href="http://backbonetutorials.com/seo-for-single-page-apps/" target="_blank">Details of setting up PhantomJS and the Apache redirect</a>
			</li>
			<li>
				<a href="https://developers.google.com/webmasters/ajax-crawling/" target="_blank">Google's official guidelines for Webmasters</a>
			</li>
			<li>
				<a href="http://ajax.rswebanalytics.com/" target="_blank">SEO Friendly AJAX Example Site (much better documented than this)</a>
			</li>
		</ol>
	<p></p>
</article></section>
		</div>
	</div>

	

</body></html>

URL = http://ec2-54-227-17-33.compute-1.amazonaws.com/#!
File already pre-rendered - sending it now
File contents: 
<!DOCTYPE html><html lang="en"><head>
	<meta charset="utf-8">
	<meta name="fragment" content="!">
	<title>Google SEO AJAX Crawler Test Site</title>
	<link href="vendor/bootstrap/css/bootstrap-2.3.1.css" rel="stylesheet" media="screen">
</head>
<body style="" class="render-complete">

	<div class="container">
		<nav class="navbar">
			<div class="navbar-inner">
				<a class="brand" href="#">AJAX Crawler Test</a>
				<ul class="nav">
					<li class="active"><a href="#!home">Home</a></li>
					<li><a href="#!about">About</a></li>
					<li><a href="#!setup">Tech Stack</a></li>
					<li><a href="#!references">References</a></li>
				</ul>
			</div>
		</nav>

		<div class="row">
			<section id="content" class="span12"><article>
	<header>
		<h1>Single Page Application SEO Challenge</h1>
	</header>

	<p>
		So-called "Single Page Applications" (SPAs) are becoming increasingly popular. One of the reasons for this is that it gives the user more of a seamless "desktop application" feel since the entire page never refreshes when transitioning between pages or content. This is achieved by loading and injecting content into the page using JavaScript.
	</p>

	<p>
		However, this poses a special challenge for search engines. When a crawler crawls a page, unlike a browser, it is unable to run the JavaScript required to render the content when following the different links. To tackle this challenge, Google proposed the idea of <a href="http://googlewebmastercentral.blogspot.com.au/2009/10/proposal-for-making-ajax-crawlable.html" target="_blank">escaped fragments</a>.
	</p>

	<p>
		This site was created according to the proposed specification, as a test to confirm that Google is able to index it correctly.
	</p>
</article></section>
		</div>
	</div>

	

</body></html>

URL = http://ec2-54-227-17-33.compute-1.amazonaws.com/index.html#!references
File already pre-rendered - sending it now
File contents: 
<!DOCTYPE html><html lang="en"><head>
	<meta charset="utf-8">
	<meta name="fragment" content="!">
	<title>Google SEO AJAX Crawler Test Site</title>
	<link href="vendor/bootstrap/css/bootstrap-2.3.1.css" rel="stylesheet" media="screen">
</head>
<body style="" class="render-complete">

	<div class="container">
		<nav class="navbar">
			<div class="navbar-inner">
				<a class="brand" href="#">AJAX Crawler Test</a>
				<ul class="nav">
					<li class=""><a href="#!home">Home</a></li>
					<li><a href="#!about">About</a></li>
					<li><a href="#!setup">Tech Stack</a></li>
					<li class="active"><a href="#!references">References</a></li>
				</ul>
			</div>
		</nav>

		<div class="row">
			<section id="content" class="span12"><article>
	<header>
		<h1>From where did I figure out how to do this?</h1>
	</header>
	
	<p>From the three following great references:
		</p><ol>
			<li>
				<a href="http://googlewebmastercentral.blogspot.com.au/2009/10/proposal-for-making-ajax-crawlable.html" target="_blank">Original Proposal by Google</a>
			</li>
			<li>
				<a href="http://backbonetutorials.com/seo-for-single-page-apps/" target="_blank">Details of setting up PhantomJS and the Apache redirect</a>
			</li>
			<li>
				<a href="https://developers.google.com/webmasters/ajax-crawling/" target="_blank">Google's official guidelines for Webmasters</a>
			</li>
			<li>
				<a href="http://ajax.rswebanalytics.com/" target="_blank">SEO Friendly AJAX Example Site (much better documented than this)</a>
			</li>
		</ol>
	<p></p>
</article></section>
		</div>
	</div>

	

</body></html>

URL = http://ec2-54-227-17-33.compute-1.amazonaws.com/#!
File already pre-rendered - sending it now
File contents: 
<!DOCTYPE html><html lang="en"><head>
	<meta charset="utf-8">
	<meta name="fragment" content="!">
	<title>Google SEO AJAX Crawler Test Site</title>
	<link href="vendor/bootstrap/css/bootstrap-2.3.1.css" rel="stylesheet" media="screen">
</head>
<body style="" class="render-complete">

	<div class="container">
		<nav class="navbar">
			<div class="navbar-inner">
				<a class="brand" href="#">AJAX Crawler Test</a>
				<ul class="nav">
					<li class="active"><a href="#!home">Home</a></li>
					<li><a href="#!about">About</a></li>
					<li><a href="#!setup">Tech Stack</a></li>
					<li><a href="#!references">References</a></li>
				</ul>
			</div>
		</nav>

		<div class="row">
			<section id="content" class="span12"><article>
	<header>
		<h1>Single Page Application SEO Challenge</h1>
	</header>

	<p>
		So-called "Single Page Applications" (SPAs) are becoming increasingly popular. One of the reasons for this is that it gives the user more of a seamless "desktop application" feel since the entire page never refreshes when transitioning between pages or content. This is achieved by loading and injecting content into the page using JavaScript.
	</p>

	<p>
		However, this poses a special challenge for search engines. When a crawler crawls a page, unlike a browser, it is unable to run the JavaScript required to render the content when following the different links. To tackle this challenge, Google proposed the idea of <a href="http://googlewebmastercentral.blogspot.com.au/2009/10/proposal-for-making-ajax-crawlable.html" target="_blank">escaped fragments</a>.
	</p>

	<p>
		This site was created according to the proposed specification, as a test to confirm that Google is able to index it correctly.
	</p>
</article></section>
		</div>
	</div>

	

</body></html>

URL = http://ec2-54-227-17-33.compute-1.amazonaws.com/#!references
File already pre-rendered - sending it now
File contents: 
<!DOCTYPE html><html lang="en"><head>
	<meta charset="utf-8">
	<meta name="fragment" content="!">
	<title>Google SEO AJAX Crawler Test Site</title>
	<link href="vendor/bootstrap/css/bootstrap-2.3.1.css" rel="stylesheet" media="screen">
</head>
<body style="" class="render-complete">

	<div class="container">
		<nav class="navbar">
			<div class="navbar-inner">
				<a class="brand" href="#">AJAX Crawler Test</a>
				<ul class="nav">
					<li class=""><a href="#!home">Home</a></li>
					<li><a href="#!about">About</a></li>
					<li><a href="#!setup">Tech Stack</a></li>
					<li class="active"><a href="#!references">References</a></li>
				</ul>
			</div>
		</nav>

		<div class="row">
			<section id="content" class="span12"><article>
	<header>
		<h1>From where did I figure out how to do this?</h1>
	</header>
	
	<p>From the three following great references:
		</p><ol>
			<li>
				<a href="http://googlewebmastercentral.blogspot.com.au/2009/10/proposal-for-making-ajax-crawlable.html" target="_blank">Original Proposal by Google</a>
			</li>
			<li>
				<a href="http://backbonetutorials.com/seo-for-single-page-apps/" target="_blank">Details of setting up PhantomJS and the Apache redirect</a>
			</li>
			<li>
				<a href="https://developers.google.com/webmasters/ajax-crawling/" target="_blank">Google's official guidelines for Webmasters</a>
			</li>
			<li>
				<a href="http://ajax.rswebanalytics.com/" target="_blank">SEO Friendly AJAX Example Site (much better documented than this)</a>
			</li>
		</ol>
	<p></p>
</article></section>
		</div>
	</div>

	

</body></html>

URL = http://ec2-54-227-17-33.compute-1.amazonaws.com/index.html#!references
File already pre-rendered - sending it now
File contents: 
<!DOCTYPE html><html lang="en"><head>
	<meta charset="utf-8">
	<meta name="fragment" content="!">
	<title>Google SEO AJAX Crawler Test Site</title>
	<link href="vendor/bootstrap/css/bootstrap-2.3.1.css" rel="stylesheet" media="screen">
</head>
<body style="" class="render-complete">

	<div class="container">
		<nav class="navbar">
			<div class="navbar-inner">
				<a class="brand" href="#">AJAX Crawler Test</a>
				<ul class="nav">
					<li class=""><a href="#!home">Home</a></li>
					<li><a href="#!about">About</a></li>
					<li><a href="#!setup">Tech Stack</a></li>
					<li class="active"><a href="#!references">References</a></li>
				</ul>
			</div>
		</nav>

		<div class="row">
			<section id="content" class="span12"><article>
	<header>
		<h1>From where did I figure out how to do this?</h1>
	</header>
	
	<p>From the three following great references:
		</p><ol>
			<li>
				<a href="http://googlewebmastercentral.blogspot.com.au/2009/10/proposal-for-making-ajax-crawlable.html" target="_blank">Original Proposal by Google</a>
			</li>
			<li>
				<a href="http://backbonetutorials.com/seo-for-single-page-apps/" target="_blank">Details of setting up PhantomJS and the Apache redirect</a>
			</li>
			<li>
				<a href="https://developers.google.com/webmasters/ajax-crawling/" target="_blank">Google's official guidelines for Webmasters</a>
			</li>
			<li>
				<a href="http://ajax.rswebanalytics.com/" target="_blank">SEO Friendly AJAX Example Site (much better documented than this)</a>
			</li>
		</ol>
	<p></p>
</article></section>
		</div>
	</div>

	

</body></html>

URL = http://ec2-54-227-17-33.compute-1.amazonaws.com/#!home
Received (after removing script tags): 
<!DOCTYPE html><html lang="en"><head>
	<meta charset="utf-8">
	<meta name="fragment" content="!">
	<title>Google SEO AJAX Crawler Test Site</title>
	<link href="vendor/bootstrap/css/bootstrap-2.3.1.css" rel="stylesheet" media="screen">
</head>
<body style="" class="render-complete">

	<div class="container">
		<nav class="navbar">
			<div class="navbar-inner">
				<a class="brand" href="#">AJAX Crawler Test</a>
				<ul class="nav">
					<li class="active"><a href="#!home">Home</a></li>
					<li><a href="#!about">About</a></li>
					<li><a href="#!setup">Tech Stack</a></li>
					<li><a href="#!references">References</a></li>
				</ul>
			</div>
		</nav>

		<div class="row">
			<section id="content" class="span12"><article>
	<header>
		<h1>Single Page Application SEO Challenge</h1>
	</header>

	<p>
		So-called "Single Page Applications" (SPAs) are becoming increasingly popular. One of the reasons for this is that it gives the user more of a seamless "desktop application" feel since the entire page never refreshes when transitioning between pages or content. This is achieved by loading and injecting content into the page using JavaScript.
	</p>

	<p>
		However, this poses a special challenge for search engines. When a crawler crawls a page, unlike a browser, it is unable to run the JavaScript required to render the content when following the different links. To tackle this challenge, Google proposed the idea of <a href="http://googlewebmastercentral.blogspot.com.au/2009/10/proposal-for-making-ajax-crawlable.html" target="_blank">escaped fragments</a>.
	</p>

	<p>
		This site was created according to the proposed specification, as a test to confirm that Google is able to index it correctly.
	</p>
</article></section>
		</div>
	</div>

	

</body></html>

URL = http://ec2-54-227-17-33.compute-1.amazonaws.com/#!setup
File already pre-rendered - sending it now
File contents: 
<!DOCTYPE html><html lang="en"><head>
	<meta charset="utf-8">
	<meta name="fragment" content="!">
	<title>Google SEO AJAX Crawler Test Site</title>
	<link href="vendor/bootstrap/css/bootstrap-2.3.1.css" rel="stylesheet" media="screen">
</head>
<body style="" class="render-complete">

	<div class="container">
		<nav class="navbar">
			<div class="navbar-inner">
				<a class="brand" href="#">AJAX Crawler Test</a>
				<ul class="nav">
					<li class=""><a href="#!home">Home</a></li>
					<li><a href="#!about">About</a></li>
					<li class="active"><a href="#!setup">Tech Stack</a></li>
					<li><a href="#!references">References</a></li>
				</ul>
			</div>
		</nav>

		<div class="row">
			<section id="content" class="span12"><article>
	<header>
		<h1>What was used to make this site "crawlable"?</h1>
	</header>

	<dl>
		<dt><a href="http://backbonejs.org/" target="_blank">BackboneJS:</a></dt>
		<dd>
			For routing between the pages and rendering the content on the front end.</dd>
		<dt>
			<a href="http://phantomjs.org/" target="_blank">PhantomJS:</a>
		</dt>
		<dd>
			A "headless web browser" that can be run programmatically to fetch HTML pages, and run any JavaScript required to render it fully.
		</dd>
		<dt>
			<a href="http://nodejs.org/" target="_blank">NodeJS:</a>
		</dt>
		<dd>
			Platform able to run JavaScript on the server side, which is used here to handle any "escaped fragment" requests made by the crawler to run use PhantomJS to fully render and return the HTML pages.
		</dd>
		<dt>
			<a href="http://www.apache.org/" target="_blank">Apache Web server:</a>
		</dt>
		<dd>
			Mainly to serve up the single HTML page and JavaScript required. Additionally, used to proxy "escaped fragment" requests to the Node server running on the same machine.
		</dd>
	</dl>
</article></section>
		</div>
	</div>

	

</body></html>

URL = http://ec2-54-227-17-33.compute-1.amazonaws.com/#!about
File already pre-rendered - sending it now
File contents: 
<!DOCTYPE html><html lang="en"><head>
	<meta charset="utf-8">
	<meta name="fragment" content="!">
	<title>Google SEO AJAX Crawler Test Site</title>
	<link href="vendor/bootstrap/css/bootstrap-2.3.1.css" rel="stylesheet" media="screen">
</head>
<body style="" class="render-complete">

	<div class="container">
		<nav class="navbar">
			<div class="navbar-inner">
				<a class="brand" href="#">AJAX Crawler Test</a>
				<ul class="nav">
					<li class=""><a href="#!home">Home</a></li>
					<li class="active"><a href="#!about">About</a></li>
					<li><a href="#!setup">Tech Stack</a></li>
					<li><a href="#!references">References</a></li>
				</ul>
			</div>
		</nav>

		<div class="row">
			<section id="content" class="span12"><article>
	<header>
		<h1>What is this site all about?</h1>
	</header>

	<p>This a dummy "single page application" site setup to test Google's AJAX Crawler. It uses a Node server to serve up "HTML Snapshots" of pages when the crawler crawls through by rendering the the site page using PhantomJS. Otherwise, when browsing the site, you are browsing a regular AJAX site powere by BackboneJS.</p>

	<p>Reference: <a href="https://developers.google.com/webmasters/ajax-crawling/" target="_blank">Making AJAX Applications Crawlable</a></p>
</article></section>
		</div>
	</div>

	

</body></html>

URL = http://ec2-54-227-17-33.compute-1.amazonaws.com/#!references
File already pre-rendered - sending it now
File contents: 
<!DOCTYPE html><html lang="en"><head>
	<meta charset="utf-8">
	<meta name="fragment" content="!">
	<title>Google SEO AJAX Crawler Test Site</title>
	<link href="vendor/bootstrap/css/bootstrap-2.3.1.css" rel="stylesheet" media="screen">
</head>
<body style="" class="render-complete">

	<div class="container">
		<nav class="navbar">
			<div class="navbar-inner">
				<a class="brand" href="#">AJAX Crawler Test</a>
				<ul class="nav">
					<li class=""><a href="#!home">Home</a></li>
					<li><a href="#!about">About</a></li>
					<li><a href="#!setup">Tech Stack</a></li>
					<li class="active"><a href="#!references">References</a></li>
				</ul>
			</div>
		</nav>

		<div class="row">
			<section id="content" class="span12"><article>
	<header>
		<h1>From where did I figure out how to do this?</h1>
	</header>
	
	<p>From the three following great references:
		</p><ol>
			<li>
				<a href="http://googlewebmastercentral.blogspot.com.au/2009/10/proposal-for-making-ajax-crawlable.html" target="_blank">Original Proposal by Google</a>
			</li>
			<li>
				<a href="http://backbonetutorials.com/seo-for-single-page-apps/" target="_blank">Details of setting up PhantomJS and the Apache redirect</a>
			</li>
			<li>
				<a href="https://developers.google.com/webmasters/ajax-crawling/" target="_blank">Google's official guidelines for Webmasters</a>
			</li>
			<li>
				<a href="http://ajax.rswebanalytics.com/" target="_blank">SEO Friendly AJAX Example Site (much better documented than this)</a>
			</li>
		</ol>
	<p></p>
</article></section>
		</div>
	</div>

	

</body></html>

URL = http://ec2-54-227-17-33.compute-1.amazonaws.com/#!home
File already pre-rendered - sending it now
File contents: 
<!DOCTYPE html><html lang="en"><head>
	<meta charset="utf-8">
	<meta name="fragment" content="!">
	<title>Google SEO AJAX Crawler Test Site</title>
	<link href="vendor/bootstrap/css/bootstrap-2.3.1.css" rel="stylesheet" media="screen">
</head>
<body style="" class="render-complete">

	<div class="container">
		<nav class="navbar">
			<div class="navbar-inner">
				<a class="brand" href="#">AJAX Crawler Test</a>
				<ul class="nav">
					<li class="active"><a href="#!home">Home</a></li>
					<li><a href="#!about">About</a></li>
					<li><a href="#!setup">Tech Stack</a></li>
					<li><a href="#!references">References</a></li>
				</ul>
			</div>
		</nav>

		<div class="row">
			<section id="content" class="span12"><article>
	<header>
		<h1>Single Page Application SEO Challenge</h1>
	</header>

	<p>
		So-called "Single Page Applications" (SPAs) are becoming increasingly popular. One of the reasons for this is that it gives the user more of a seamless "desktop application" feel since the entire page never refreshes when transitioning between pages or content. This is achieved by loading and injecting content into the page using JavaScript.
	</p>

	<p>
		However, this poses a special challenge for search engines. When a crawler crawls a page, unlike a browser, it is unable to run the JavaScript required to render the content when following the different links. To tackle this challenge, Google proposed the idea of <a href="http://googlewebmastercentral.blogspot.com.au/2009/10/proposal-for-making-ajax-crawlable.html" target="_blank">escaped fragments</a>.
	</p>

	<p>
		This site was created according to the proposed specification, as a test to confirm that Google is able to index it correctly.
	</p>
</article></section>
		</div>
	</div>

	

</body></html>

URL = http://ec2-54-227-17-33.compute-1.amazonaws.com/#!setup
File already pre-rendered - sending it now
File contents: 
<!DOCTYPE html><html lang="en"><head>
	<meta charset="utf-8">
	<meta name="fragment" content="!">
	<title>Google SEO AJAX Crawler Test Site</title>
	<link href="vendor/bootstrap/css/bootstrap-2.3.1.css" rel="stylesheet" media="screen">
</head>
<body style="" class="render-complete">

	<div class="container">
		<nav class="navbar">
			<div class="navbar-inner">
				<a class="brand" href="#">AJAX Crawler Test</a>
				<ul class="nav">
					<li class=""><a href="#!home">Home</a></li>
					<li><a href="#!about">About</a></li>
					<li class="active"><a href="#!setup">Tech Stack</a></li>
					<li><a href="#!references">References</a></li>
				</ul>
			</div>
		</nav>

		<div class="row">
			<section id="content" class="span12"><article>
	<header>
		<h1>What was used to make this site "crawlable"?</h1>
	</header>

	<dl>
		<dt><a href="http://backbonejs.org/" target="_blank">BackboneJS:</a></dt>
		<dd>
			For routing between the pages and rendering the content on the front end.</dd>
		<dt>
			<a href="http://phantomjs.org/" target="_blank">PhantomJS:</a>
		</dt>
		<dd>
			A "headless web browser" that can be run programmatically to fetch HTML pages, and run any JavaScript required to render it fully.
		</dd>
		<dt>
			<a href="http://nodejs.org/" target="_blank">NodeJS:</a>
		</dt>
		<dd>
			Platform able to run JavaScript on the server side, which is used here to handle any "escaped fragment" requests made by the crawler to run use PhantomJS to fully render and return the HTML pages.
		</dd>
		<dt>
			<a href="http://www.apache.org/" target="_blank">Apache Web server:</a>
		</dt>
		<dd>
			Mainly to serve up the single HTML page and JavaScript required. Additionally, used to proxy "escaped fragment" requests to the Node server running on the same machine.
		</dd>
	</dl>
</article></section>
		</div>
	</div>

	

</body></html>

URL = http://ec2-54-227-17-33.compute-1.amazonaws.com/#!about
File already pre-rendered - sending it now
File contents: 
<!DOCTYPE html><html lang="en"><head>
	<meta charset="utf-8">
	<meta name="fragment" content="!">
	<title>Google SEO AJAX Crawler Test Site</title>
	<link href="vendor/bootstrap/css/bootstrap-2.3.1.css" rel="stylesheet" media="screen">
</head>
<body style="" class="render-complete">

	<div class="container">
		<nav class="navbar">
			<div class="navbar-inner">
				<a class="brand" href="#">AJAX Crawler Test</a>
				<ul class="nav">
					<li class=""><a href="#!home">Home</a></li>
					<li class="active"><a href="#!about">About</a></li>
					<li><a href="#!setup">Tech Stack</a></li>
					<li><a href="#!references">References</a></li>
				</ul>
			</div>
		</nav>

		<div class="row">
			<section id="content" class="span12"><article>
	<header>
		<h1>What is this site all about?</h1>
	</header>

	<p>This a dummy "single page application" site setup to test Google's AJAX Crawler. It uses a Node server to serve up "HTML Snapshots" of pages when the crawler crawls through by rendering the the site page using PhantomJS. Otherwise, when browsing the site, you are browsing a regular AJAX site powere by BackboneJS.</p>

	<p>Reference: <a href="https://developers.google.com/webmasters/ajax-crawling/" target="_blank">Making AJAX Applications Crawlable</a></p>
</article></section>
		</div>
	</div>

	

</body></html>

URL = http://ec2-54-227-17-33.compute-1.amazonaws.com/#!references
File already pre-rendered - sending it now
File contents: 
<!DOCTYPE html><html lang="en"><head>
	<meta charset="utf-8">
	<meta name="fragment" content="!">
	<title>Google SEO AJAX Crawler Test Site</title>
	<link href="vendor/bootstrap/css/bootstrap-2.3.1.css" rel="stylesheet" media="screen">
</head>
<body style="" class="render-complete">

	<div class="container">
		<nav class="navbar">
			<div class="navbar-inner">
				<a class="brand" href="#">AJAX Crawler Test</a>
				<ul class="nav">
					<li class=""><a href="#!home">Home</a></li>
					<li><a href="#!about">About</a></li>
					<li><a href="#!setup">Tech Stack</a></li>
					<li class="active"><a href="#!references">References</a></li>
				</ul>
			</div>
		</nav>

		<div class="row">
			<section id="content" class="span12"><article>
	<header>
		<h1>From where did I figure out how to do this?</h1>
	</header>
	
	<p>From the three following great references:
		</p><ol>
			<li>
				<a href="http://googlewebmastercentral.blogspot.com.au/2009/10/proposal-for-making-ajax-crawlable.html" target="_blank">Original Proposal by Google</a>
			</li>
			<li>
				<a href="http://backbonetutorials.com/seo-for-single-page-apps/" target="_blank">Details of setting up PhantomJS and the Apache redirect</a>
			</li>
			<li>
				<a href="https://developers.google.com/webmasters/ajax-crawling/" target="_blank">Google's official guidelines for Webmasters</a>
			</li>
			<li>
				<a href="http://ajax.rswebanalytics.com/" target="_blank">SEO Friendly AJAX Example Site (much better documented than this)</a>
			</li>
		</ol>
	<p></p>
</article></section>
		</div>
	</div>

	

</body></html>

Listening on port 3000
Listening on port 3000
Listening on port 3000
Listening on port 3000
Listening on port 3000
URL = http://ec2-54-227-17-33.compute-1.amazonaws.com/#!references
File already pre-rendered - sending it now
File contents: 
<!DOCTYPE html><html lang="en"><head>
	<meta charset="utf-8">
	<meta name="fragment" content="!">
	<title>Google SEO AJAX Crawler Test Site</title>
	<link href="vendor/bootstrap/css/bootstrap-2.3.1.css" rel="stylesheet" media="screen">
</head>
<body style="" class="render-complete">

	<div class="container">
		<nav class="navbar">
			<div class="navbar-inner">
				<a class="brand" href="#">AJAX Crawler Test</a>
				<ul class="nav">
					<li class=""><a href="#!home">Home</a></li>
					<li><a href="#!about">About</a></li>
					<li><a href="#!setup">Tech Stack</a></li>
					<li class="active"><a href="#!references">References</a></li>
				</ul>
			</div>
		</nav>

		<div class="row">
			<section id="content" class="span12"><article>
	<header>
		<h1>From where did I figure out how to do this?</h1>
	</header>
	
	<p>From the three following great references:
		</p><ol>
			<li>
				<a href="http://googlewebmastercentral.blogspot.com.au/2009/10/proposal-for-making-ajax-crawlable.html" target="_blank">Original Proposal by Google</a>
			</li>
			<li>
				<a href="http://backbonetutorials.com/seo-for-single-page-apps/" target="_blank">Details of setting up PhantomJS and the Apache redirect</a>
			</li>
			<li>
				<a href="https://developers.google.com/webmasters/ajax-crawling/" target="_blank">Google's official guidelines for Webmasters</a>
			</li>
			<li>
				<a href="http://ajax.rswebanalytics.com/" target="_blank">SEO Friendly AJAX Example Site (much better documented than this)</a>
			</li>
		</ol>
	<p></p>
</article></section>
		</div>
	</div>

	

</body></html>

